[2025-09-07 17:19:45] [Info] Starting deployment to test environment
[2025-09-07 17:19:45] [Debug] Configuration: {"Module":"system-test","CloudFront":"EQN06IXQ89GVL","Server":"https://maincloud.spacetimedb.com","RequiresAuth":true,"S3Bucket":"system-game-test"}
[2025-09-07 17:19:45] [Info] Checking prerequisites...
[2025-09-07 17:19:45] [Success] Found cargo 1.87.0 (99624be96 2025-05-06)
[2025-09-07 17:19:45] [Success] Found SpacetimeDB CLI: Usage: spacetime version <COMMAND> System.Management.Automation.RemoteException Commands:   list       List installed SpacetimeDB versions   use        Set the global default SpacetimeDB version   upgrade    Upgrade and switch to the latest available version of SpacetimeDB   install    Install a specific SpacetimeDB version   uninstall  Uninstall an installed SpacetimeDB version   help       Print this message or the help of the given subcommand(s) System.Management.Automation.RemoteException Options:   -h, --help  Print help
[2025-09-07 17:19:45] [Debug] Checking server fingerprint for https://maincloud.spacetimedb.com...
[2025-09-07 17:19:46] [Info] Checking current database state...
[2025-09-07 17:19:46] [Info] Database state: not_exists
[2025-09-07 17:19:46] [Info] Skipping module build - SkipBuild flag set
[2025-09-07 17:19:46] [Info] Publishing to test (https://maincloud.spacetimedb.com)...
[2025-09-07 17:19:46] [Debug] Executing: spacetime publish --server https://maincloud.spacetimedb.com system-test
[2025-09-07 17:19:46] [Info] Starting publish process...
[2025-09-07 17:19:47] [Debug] Publish output: Build finished successfully.
You are about to publish to a non-local server: maincloud.spacetimedb.com
Are you sure you want to proceed? [y/N]Aborting

[2025-09-07 17:19:47] [Debug] Publish errors: warning: unused variable: `ctx`
    --> src\lib.rs:1976:35
     |
1976 | pub fn debug_test_spawn_positions(ctx: &ReducerContext) -> Result<(), String> {
     |                                   ^^^ help: if this is intentional, prefix it with an underscore: `_ctx`
     |
     = note: `#[warn(unused_variables)]` on by default

warning: function `hash_password` is never used
   --> src\lib.rs:310:4
    |
310 | fn hash_password(password: &str) -> String {
    |    ^^^^^^^^^^^^^
    |
    = note: `#[warn(dead_code)]` on by default

warning: `spacetime-module` (lib) generated 2 warnings
    Finished `release` profile [optimized] target(s) in 0.21s
Optimising module with wasm-opt...

[2025-09-07 17:19:47] [Success] Module published successfully
