[2025-09-07 17:05:18] [Info] Starting deployment to test environment
[2025-09-07 17:05:18] [Debug] Configuration: {"Module":"system-test","CloudFront":"EQN06IXQ89GVL","Server":"https://maincloud.spacetimedb.com","RequiresAuth":true,"S3Bucket":"system-game-test"}
[2025-09-07 17:05:18] [Info] Checking prerequisites...
[2025-09-07 17:05:18] [Success] Found cargo 1.87.0 (99624be96 2025-05-06)
[2025-09-07 17:05:18] [Success] Found SpacetimeDB CLI: Usage: spacetime version <COMMAND> System.Management.Automation.RemoteException Commands:   list       List installed SpacetimeDB versions   use        Set the global default SpacetimeDB version   upgrade    Upgrade and switch to the latest available version of SpacetimeDB   install    Install a specific SpacetimeDB version   uninstall  Uninstall an installed SpacetimeDB version   help       Print this message or the help of the given subcommand(s) System.Management.Automation.RemoteException Options:   -h, --help  Print help
[2025-09-07 17:05:18] [Info] Checking current database state...
[2025-09-07 17:05:19] [Info] Database state: not_exists
[2025-09-07 17:05:19] [Info] Building Rust module...
[2025-09-07 17:05:19] [Info] Cleaning previous build artifacts...
[2025-09-07 17:05:19] [Info] Compiling release build...
[2025-09-07 17:05:39] [Success] Module built successfully
[2025-09-07 17:05:39] [Info] Generating C# bindings...
[2025-09-07 17:05:42] [Success] C# bindings generated successfully
[2025-09-07 17:05:42] [Info] Publishing to test (https://maincloud.spacetimedb.com)...
[2025-09-07 17:05:42] [Debug] Executing: spacetime publish --server https://maincloud.spacetimedb.com system-test
[2025-09-07 17:07:08] [Success] Module published successfully
[2025-09-07 17:07:08] [Info] Deploying WebGL build to S3 bucket: system-game-test
[2025-09-07 17:07:09] [Success] Found AWS CLI
[2025-09-07 17:07:09] [Info] Syncing files from .\SYSTEM-client-3d\Build\Test to s3://system-game-test/
[2025-09-07 17:07:09] [Debug] Executing: aws s3 sync ".\SYSTEM-client-3d\Build\Test" s3://system-game-test/ --delete --exclude "*.meta" --exclude ".DS_Store"
[2025-09-07 17:07:10] [Success] WebGL build deployed successfully to S3
[2025-09-07 17:07:10] [Info] Invalidating CloudFront cache (Distribution: EQN06IXQ89GVL)...
[2025-09-07 17:07:11] [Success] CloudFront invalidation created: IAZAFUGJNTN77XQA9WZRYLOJZL
